<?xml version="1.0" encoding="UTF-8"?>
<!-- Generated by org.testng.reporters.JUnitReportReporter -->
<testsuite hostname="L1017524" failures="2" tests="2" name="com.cucumber.testrunner.TestRunner" time="65.228" errors="0" timestamp="15 Feb 2021 09:15:52 GMT">
  <testcase classname="com.cucumber.testrunner.TestRunner" name="runScenario" time="41.124">
    <failure message="cannot open system clipboard" type="java.lang.IllegalStateException">
      <![CDATA[java.lang.IllegalStateException: cannot open system clipboard
	at java.desktop/sun.awt.windows.WClipboard.openClipboard(Native Method)
	at java.desktop/sun.awt.windows.WClipboard.setContentsNative(WClipboard.java:75)
	at java.desktop/sun.awt.datatransfer.SunClipboard.setContents(SunClipboard.java:105)
	at com.common.BaseTest.launchUrl(BaseTest.java:55)
	at com.cucumber.stepdefinations.StepDefinition.that_i_have_something_number(StepDefinition.java:18)
	at ?.that I have "MZ078770620GB" number(file:///C:/Users/poorva.g/eclipse-workspace/MSamplePro/src/test/resources/features/test.feature:29)
]]>
    </failure>
  </testcase> <!-- runScenario -->
  <testcase classname="com.cucumber.testrunner.TestRunner" name="runScenario" time="24.104">
    <failure message="unknown error: failed to change window state to maximized, current state is minimized
  (Session info: chrome=75.0.3770.80)
Build info: version: &#039;3.141.59&#039;, revision: &#039;e82be7d358&#039;, time: &#039;2018-11-14T08:17:03&#039;
System info: host: &#039;L1017524&#039;, ip: &#039;192.168.43.55&#039;, os.name: &#039;Windows 10&#039;, os.arch: &#039;amd64&#039;, os.version: &#039;10.0&#039;, java.version: &#039;15.0.1&#039;
Driver info: org.openqa.selenium.chrome.ChromeDriver
Capabilities {acceptInsecureCerts: false, browserName: chrome, browserVersion: 75.0.3770.80, chrome: {chromedriverVersion: 75.0.3770.8 (681f24ea911fe7..., userDataDir: C:\Users\poorva.g\AppData\L...}, goog:chromeOptions: {debuggerAddress: localhost:60098}, javascriptEnabled: true, networkConnectionEnabled: false, pageLoadStrategy: normal, platform: XP, platformName: XP, proxy: Proxy(), setWindowRect: true, strictFileInteractability: false, timeouts: {implicit: 0, pageLoad: 300000, script: 30000}, unhandledPromptBehavior: dismiss and notify}
Session ID: 835c6f52e38ffae6f3b0c3243d8875ea" type="org.openqa.selenium.WebDriverException">
      <![CDATA[org.openqa.selenium.WebDriverException: unknown error: failed to change window state to maximized, current state is minimized
  (Session info: chrome=75.0.3770.80)
Build info: version: '3.141.59', revision: 'e82be7d358', time: '2018-11-14T08:17:03'
System info: host: 'L1017524', ip: '192.168.43.55', os.name: 'Windows 10', os.arch: 'amd64', os.version: '10.0', java.version: '15.0.1'
Driver info: org.openqa.selenium.chrome.ChromeDriver
Capabilities {acceptInsecureCerts: false, browserName: chrome, browserVersion: 75.0.3770.80, chrome: {chromedriverVersion: 75.0.3770.8 (681f24ea911fe7..., userDataDir: C:\Users\poorva.g\AppData\L...}, goog:chromeOptions: {debuggerAddress: localhost:60098}, javascriptEnabled: true, networkConnectionEnabled: false, pageLoadStrategy: normal, platform: XP, platformName: XP, proxy: Proxy(), setWindowRect: true, strictFileInteractability: false, timeouts: {implicit: 0, pageLoad: 300000, script: 30000}, unhandledPromptBehavior: dismiss and notify}
Session ID: 835c6f52e38ffae6f3b0c3243d8875ea
	at java.base/jdk.internal.reflect.NativeConstructorAccessorImpl.newInstance0(Native Method)
	at java.base/jdk.internal.reflect.NativeConstructorAccessorImpl.newInstance(NativeConstructorAccessorImpl.java:64)
	at java.base/jdk.internal.reflect.DelegatingConstructorAccessorImpl.newInstance(DelegatingConstructorAccessorImpl.java:45)
	at java.base/java.lang.reflect.Constructor.newInstanceWithCaller(Constructor.java:500)
	at java.base/java.lang.reflect.Constructor.newInstance(Constructor.java:481)
	at org.openqa.selenium.remote.http.W3CHttpResponseCodec.createException(W3CHttpResponseCodec.java:187)
	at org.openqa.selenium.remote.http.W3CHttpResponseCodec.decode(W3CHttpResponseCodec.java:122)
	at org.openqa.selenium.remote.http.W3CHttpResponseCodec.decode(W3CHttpResponseCodec.java:49)
	at org.openqa.selenium.remote.HttpCommandExecutor.execute(HttpCommandExecutor.java:158)
	at org.openqa.selenium.remote.service.DriverCommandExecutor.execute(DriverCommandExecutor.java:83)
	at org.openqa.selenium.remote.RemoteWebDriver.execute(RemoteWebDriver.java:552)
	at org.openqa.selenium.remote.RemoteWebDriver.execute(RemoteWebDriver.java:609)
	at org.openqa.selenium.remote.RemoteWebDriver$RemoteWebDriverOptions$RemoteWindow.maximize(RemoteWebDriver.java:837)
	at com.common.BaseTest.getDriver(BaseTest.java:31)
	at com.cucumber.stepdefinations.BeforeActions.setUp(BeforeActions.java:12)
]]>
    </failure>
  </testcase> <!-- runScenario -->
</testsuite> <!-- com.cucumber.testrunner.TestRunner -->
