<?xml version="1.0" encoding="UTF-8"?>
<!-- Generated by org.testng.reporters.JUnitReportReporter -->
<testsuite hostname="L1017524" failures="0" tests="1" name="com.runner.TestRunner" time="34.308" errors="0" timestamp="2021-02-16T12:00:13 GMT" skipped="0">
  <testcase classname="com.runner.TestRunner" name="runScenario" time="34.308"/>
  <system-out/>
</testsuite> <!-- com.runner.TestRunner -->
